{"error":"Unexpected token '<', \"<!DOCTYPE \"... is not valid JSON","level":"error","message":"OAuth handler error","stack":"SyntaxError: Unexpected token '<', \"<!DOCTYPE \"... is not valid JSON\n    at JSON.parse (<anonymous>)\n    at parseJSONFromBytes (node:internal/deps/undici/undici:6433:19)\n    at successSteps (node:internal/deps/undici/undici:6414:27)\n    at readAllBytes (node:internal/deps/undici/undici:5380:13)\n    at processTicksAndRejections (node:internal/process/task_queues:103:5)","timestamp":"2025-12-26 21:58:55"}
{"level":"info","message":"Token response received from Google OAuth","timestamp":"2025-12-26 22:05:17"}
{"level":"info","message":"Token data: {}","timestamp":"2025-12-26 22:05:17"}
{"error":"Unexpected token '<', \"<!DOCTYPE \"... is not valid JSON","level":"error","message":"OAuth handler error","stack":"SyntaxError: Unexpected token '<', \"<!DOCTYPE \"... is not valid JSON\n    at JSON.parse (<anonymous>)\n    at parseJSONFromBytes (node:internal/deps/undici/undici:6433:19)\n    at successSteps (node:internal/deps/undici/undici:6414:27)\n    at readAllBytes (node:internal/deps/undici/undici:5380:13)\n    at processTicksAndRejections (node:internal/process/task_queues:103:5)","timestamp":"2025-12-26 22:05:17"}
{"error":"Unexpected token '<', \"<!DOCTYPE \"... is not valid JSON","level":"error","message":"OAuth handler error","stack":"SyntaxError: Unexpected token '<', \"<!DOCTYPE \"... is not valid JSON\n    at JSON.parse (<anonymous>)\n    at parseJSONFromBytes (node:internal/deps/undici/undici:6433:19)\n    at successSteps (node:internal/deps/undici/undici:6414:27)\n    at readAllBytes (node:internal/deps/undici/undici:5380:13)\n    at processTicksAndRejections (node:internal/process/task_queues:103:5)","timestamp":"2025-12-26 22:46:13"}
{"level":"info","message":"Making GET request to http://localhost:8080/webservice/rest/server.php?wsfunction=get_site_info&moodlewsrestformat=json&wstoken=ebbf0a6defcdcafb143b382ec80274d0","timestamp":"2025-12-27 12:30:22"}
{"level":"info","message":"Making GET request to http://localhost:8080/webservice/rest/server.php?wsfunction=core_webservice_get_site_info&moodlewsrestformat=json&wstoken=ebbf0a6defcdcafb143b382ec80274d0","timestamp":"2025-12-27 22:52:54"}
{"level":"info","message":"Making GET request to http://localhost:8080/webservice/rest/server.php?wsfunction=core_webservice_get_site_info&moodlewsrestformat=json&wstoken=ebbf0a6defcdcafb143b382ec80274d0","timestamp":"2025-12-27 22:57:12"}
{"level":"info","message":"Creating users with params: {\"users[0][username]\":\"test object\",\"users[0][password]\":\"Password123!\",\"users[0][firstname]\":\"angel\",\"users[0][lastname]\":\"zzz\",\"users[0][email]\":\"angeldaaa@mail.com\"}","timestamp":"2025-12-28 09:56:08"}
{"level":"info","message":"Making GET request to http://localhost:8080/webservice/rest/server.php?wsfunction=core_user_create_users&moodlewsrestformat=json&wstoken=ebbf0a6defcdcafb143b382ec80274d0&users%5B0%5D%5Busername%5D=test+object&users%5B0%5D%5Bpassword%5D=Password123%21&users%5B0%5D%5Bfirstname%5D=angel&users%5B0%5D%5Blastname%5D=zzz&users%5B0%5D%5Bemail%5D=angeldaaa%40mail.com","timestamp":"2025-12-28 09:56:08"}
{"level":"info","message":"Creating users with params: {\"users[0][username]\":\"roberto.carlos\",\"users[0][password]\":\"Password123!\",\"users[0][firstname]\":\"angel\",\"users[0][lastname]\":\"zzz\",\"users[0][email]\":\"angeldaaa@mail.com\"}","timestamp":"2025-12-28 10:02:00"}
{"level":"info","message":"Making GET request to http://localhost:8080/webservice/rest/server.php?wsfunction=core_user_create_users&moodlewsrestformat=json&wstoken=ebbf0a6defcdcafb143b382ec80274d0&users%5B0%5D%5Busername%5D=roberto.carlos&users%5B0%5D%5Bpassword%5D=Password123%21&users%5B0%5D%5Bfirstname%5D=angel&users%5B0%5D%5Blastname%5D=zzz&users%5B0%5D%5Bemail%5D=angeldaaa%40mail.com","timestamp":"2025-12-28 10:02:00"}
{"level":"info","message":"Getting user by field with params: {\"values[0]\":\"roberto.carlos\",\"field\":\"username\"}","timestamp":"2025-12-28 11:35:20"}
{"level":"info","message":"Making GET request to http://localhost:8080/webservice/rest/server.php?wsfunction=core_user_get_users_by_field&moodlewsrestformat=json&wstoken=ebbf0a6defcdcafb143b382ec80274d0&values%5B0%5D=roberto.carlos&field=username","timestamp":"2025-12-28 11:35:20"}
{"level":"info","message":"Getting user by field with params: {\"values[0]\":\"roberto.carlos\",\"values[1]\":\"pepe.parrilladas\",\"field\":\"username\"}","timestamp":"2025-12-28 11:36:07"}
{"level":"info","message":"Making GET request to http://localhost:8080/webservice/rest/server.php?wsfunction=core_user_get_users_by_field&moodlewsrestformat=json&wstoken=ebbf0a6defcdcafb143b382ec80274d0&values%5B0%5D=roberto.carlos&values%5B1%5D=pepe.parrilladas&field=username","timestamp":"2025-12-28 11:36:07"}
{"level":"info","message":"Creating users with params: {\"users[0][email]\":\"angeldaaa@mail.com\",\"users[0][username]\":\"roberto.carlos\",\"users[0][firstname]\":\"angel\",\"users[0][lastname]\":\"zzz\",\"users[0][password]\":\"Password123!\",\"users[1][email]\":\"angeldaaa@mail.com\",\"users[1][username]\":\"pepe.parrilladas\",\"users[1][firstname]\":\"angel\",\"users[1][lastname]\":\"zzz\",\"users[1][password]\":\"Password123!\"}","timestamp":"2025-12-28 11:36:07"}
{"level":"info","message":"Making GET request to http://localhost:8080/webservice/rest/server.php?wsfunction=core_user_create_users&moodlewsrestformat=json&wstoken=ebbf0a6defcdcafb143b382ec80274d0&0=%5Bobject+Object%5D","timestamp":"2025-12-28 11:36:07"}
{"level":"info","message":"Getting user by field with params: {\"values[0]\":\"roberto.carlos\",\"values[1]\":\"pepe.parrilladas\",\"field\":\"username\"}","timestamp":"2025-12-28 11:36:21"}
{"level":"info","message":"Making GET request to http://localhost:8080/webservice/rest/server.php?wsfunction=core_user_get_users_by_field&moodlewsrestformat=json&wstoken=ebbf0a6defcdcafb143b382ec80274d0&values%5B0%5D=roberto.carlos&values%5B1%5D=pepe.parrilladas&field=username","timestamp":"2025-12-28 11:36:21"}
{"level":"info","message":"Creating users with params: {\"users[0][email]\":\"angeldaaa@mail.com\",\"users[0][username]\":\"roberto.carlos\",\"users[0][firstname]\":\"angel\",\"users[0][lastname]\":\"zzz\",\"users[0][password]\":\"Password123!\",\"users[1][email]\":\"angeldaaawwe3e@mail.com\",\"users[1][username]\":\"pepe.parrilladas\",\"users[1][firstname]\":\"angel\",\"users[1][lastname]\":\"zzz\",\"users[1][password]\":\"Password123!\"}","timestamp":"2025-12-28 11:36:21"}
{"level":"info","message":"Making GET request to http://localhost:8080/webservice/rest/server.php?wsfunction=core_user_create_users&moodlewsrestformat=json&wstoken=ebbf0a6defcdcafb143b382ec80274d0&0=%5Bobject+Object%5D","timestamp":"2025-12-28 11:36:21"}
{"level":"info","message":"Getting user by field with params: {\"values[0]\":\"roberto.carlos\",\"field\":\"username\"}","timestamp":"2025-12-28 11:37:02"}
{"level":"info","message":"Making GET request to http://localhost:8080/webservice/rest/server.php?wsfunction=core_user_get_users_by_field&moodlewsrestformat=json&wstoken=ebbf0a6defcdcafb143b382ec80274d0&values%5B0%5D=roberto.carlos&field=username","timestamp":"2025-12-28 11:37:02"}
{"level":"info","message":"Getting user by field with params: {\"values[0]\":\"roberto.3444\",\"field\":\"username\"}","timestamp":"2025-12-28 11:37:12"}
{"level":"info","message":"Making GET request to http://localhost:8080/webservice/rest/server.php?wsfunction=core_user_get_users_by_field&moodlewsrestformat=json&wstoken=ebbf0a6defcdcafb143b382ec80274d0&values%5B0%5D=roberto.3444&field=username","timestamp":"2025-12-28 11:37:12"}
{"level":"info","message":"Creating users with params: {\"users[0][email]\":\"angeldaaa@mail.com\",\"users[0][username]\":\"roberto.3444\",\"users[0][firstname]\":\"angel\",\"users[0][lastname]\":\"zzz\",\"users[0][password]\":\"Password123!\"}","timestamp":"2025-12-28 11:37:12"}
{"level":"info","message":"Making GET request to http://localhost:8080/webservice/rest/server.php?wsfunction=core_user_create_users&moodlewsrestformat=json&wstoken=ebbf0a6defcdcafb143b382ec80274d0&0=%5Bobject+Object%5D","timestamp":"2025-12-28 11:37:12"}
{"level":"info","message":"Getting user by field with params: {\"values[0]\":\"roberto.3444\",\"field\":\"username\"}","timestamp":"2025-12-28 11:37:18"}
{"level":"info","message":"Making GET request to http://localhost:8080/webservice/rest/server.php?wsfunction=core_user_get_users_by_field&moodlewsrestformat=json&wstoken=ebbf0a6defcdcafb143b382ec80274d0&values%5B0%5D=roberto.3444&field=username","timestamp":"2025-12-28 11:37:18"}
{"level":"info","message":"Creating users with params: {\"users[0][email]\":\"angeldaaa33@mail.com\",\"users[0][username]\":\"roberto.3444\",\"users[0][firstname]\":\"angel\",\"users[0][lastname]\":\"zzz\",\"users[0][password]\":\"Password123!\"}","timestamp":"2025-12-28 11:37:18"}
{"level":"info","message":"Making GET request to http://localhost:8080/webservice/rest/server.php?wsfunction=core_user_create_users&moodlewsrestformat=json&wstoken=ebbf0a6defcdcafb143b382ec80274d0&0=%5Bobject+Object%5D","timestamp":"2025-12-28 11:37:18"}
{"level":"info","message":"Getting user by field with params: {\"values[0]\":\"roberto.3444\",\"field\":\"username\"}","timestamp":"2025-12-28 11:37:26"}
{"level":"info","message":"Making GET request to http://localhost:8080/webservice/rest/server.php?wsfunction=core_user_get_users_by_field&moodlewsrestformat=json&wstoken=ebbf0a6defcdcafb143b382ec80274d0&values%5B0%5D=roberto.3444&field=username","timestamp":"2025-12-28 11:37:26"}
{"level":"info","message":"Creating users with params: {\"users[0][email]\":\"angeldaaa332eded3@mail.com\",\"users[0][username]\":\"roberto.3444\",\"users[0][firstname]\":\"angel\",\"users[0][lastname]\":\"zzz\",\"users[0][password]\":\"Password123!\"}","timestamp":"2025-12-28 11:37:26"}
{"level":"info","message":"Making GET request to http://localhost:8080/webservice/rest/server.php?wsfunction=core_user_create_users&moodlewsrestformat=json&wstoken=ebbf0a6defcdcafb143b382ec80274d0&0=%5Bobject+Object%5D","timestamp":"2025-12-28 11:37:26"}
{"level":"info","message":"Getting user by field with params: {\"values[0]\":\"roberto.3444\",\"field\":\"username\"}","timestamp":"2025-12-28 11:37:42"}
{"level":"info","message":"Making GET request to http://localhost:8080/webservice/rest/server.php?wsfunction=core_user_get_users_by_field&moodlewsrestformat=json&wstoken=ebbf0a6defcdcafb143b382ec80274d0&values%5B0%5D=roberto.3444&field=username","timestamp":"2025-12-28 11:37:42"}
{"level":"info","message":"Creating users with params: {\"users[0][email]\":\"angeldaaa332eded3@mail.com\",\"users[0][username]\":\"roberto.3444\",\"users[0][firstname]\":\"angel\",\"users[0][lastname]\":\"zzz\",\"users[0][password]\":\"Password123!\"}","timestamp":"2025-12-28 11:37:42"}
{"level":"info","message":"Making GET request to http://localhost:8080/webservice/rest/server.php?wsfunction=core_user_create_users&moodlewsrestformat=json&wstoken=ebbf0a6defcdcafb143b382ec80274d0&0=%5Bobject+Object%5D","timestamp":"2025-12-28 11:37:42"}
{"level":"info","message":"Getting user by field with params: {\"values[0]\":\"angel.zambrano\",\"field\":\"username\"}","timestamp":"2025-12-28 11:37:53"}
{"level":"info","message":"Making GET request to http://localhost:8080/webservice/rest/server.php?wsfunction=core_user_get_users_by_field&moodlewsrestformat=json&wstoken=ebbf0a6defcdcafb143b382ec80274d0&values%5B0%5D=angel.zambrano&field=username","timestamp":"2025-12-28 11:37:53"}
{"level":"info","message":"Creating users with params: {\"users[0][email]\":\"angeldaaa332eded3@mail.com\",\"users[0][username]\":\"angel.zambrano\",\"users[0][firstname]\":\"angel\",\"users[0][lastname]\":\"zzz\",\"users[0][password]\":\"Password123!\"}","timestamp":"2025-12-28 11:37:53"}
{"level":"info","message":"Making GET request to http://localhost:8080/webservice/rest/server.php?wsfunction=core_user_create_users&moodlewsrestformat=json&wstoken=ebbf0a6defcdcafb143b382ec80274d0&0=%5Bobject+Object%5D","timestamp":"2025-12-28 11:37:53"}
